<?xml version="1.0" encoding="UTF-8"?>
<!-- Generated by org.testng.reporters.JUnitReportReporter -->
<testsuite hostname="DESKTOP-L3M9CL3" failures="0" tests="1" name="com.vendo.Testcases.LoginPage" time="1.495" errors="0" timestamp="2022-11-30T18:05:19 IST" skipped="0">
  <testcase classname="com.vendo.Testcases.LoginPage" name="TC_001_Verify_WithValidCredentials" time="1.495"/>
  <system-out/>
</testsuite> <!-- com.vendo.Testcases.LoginPage -->
