<?xml version="1.0" encoding="UTF-8"?>
<!-- Generated by org.testng.reporters.JUnitReportReporter -->
<testsuite hostname="DESKTOP-L3M9CL3" failures="0" tests="1" name="com.vendo.Testcases.Login" time="302.429" errors="0" timestamp="2022-12-21T19:17:45 IST" skipped="0">
  <testcase classname="com.vendo.Testcases.Login" name="TC_001_Verify_WithValidCredentials" time="302.429"/>
  <system-out/>
</testsuite> <!-- com.vendo.Testcases.Login -->
